#
# An unexpected error has been detected by Java Runtime Environment:
#
#  EXCEPTION_ACCESS_VIOLATION (0xc0000005) at pc=0x76303e24, pid=192, tid=3648
#
# Java VM: Java HotSpot(TM) Client VM (10.0-b22 mixed mode, sharing windows-x86)
# Problematic frame:
# C  [IMM32.DLL+0x3e24]
#
# If you would like to submit a bug report, please visit:
#   http://java.sun.com/webapps/bugreport/crash.jsp
# The crash happened outside the Java Virtual Machine in native code.
# See problematic frame for where to report the bug.
#

---------------  T H R E A D  ---------------

Current thread (0x02b3e800):  JavaThread "AWT-Windows" daemon [_thread_in_native, id=3648, stack(0x02f20000,0x02f70000)]

siginfo: ExceptionCode=0xc0000005, reading address 0x000b6000

Registers:
EAX=0x00000000, EBX=0x0000aea3, ECX=0x00000000, EDX=0x00000400
ESP=0x02f6f854, EBP=0x02f6f860, ESI=0x000b6000, EDI=0xc2ff4a62
EIP=0x76303e24, EFLAGS=0x00010246

Top of Stack: (sp=0x02f6f854)
0x02f6f854:   000aaa59 000aaa61 03216da0 02f6f888
0x02f6f864:   763053d2 c3000001 000aaa61 00000000
0x02f6f874:   01ef03ab 000a6970 00000001 7c832ecc
0x02f6f884:   7c832ecc 02f6f8b8 763054ef 01ef03ab
0x02f6f894:   00000000 00000020 00000002 00000002
0x02f6f8a4:   00000001 00000000 00000008 0318bfd8
0x02f6f8b4:   6d173698 03216da0 6d139aaf 01ef03ab
0x02f6f8c4:   00000020 03216da0 00000008 02f6f95c 

Instructions: (pc=0x76303e24)
0x76303e14:   57 8b 7d 08 33 db 85 ff 74 29 56 8b 75 0c 33 c0
0x76303e24:   8a 06 50 ff 75 10 ff 15 5c 11 30 76 85 c0 74 0b 


Stack: [0x02f20000,0x02f70000],  sp=0x02f6f854,  free space=318k
Native frames: (J=compiled Java code, j=interpreted, Vv=VM code, C=native code)
C  [IMM32.DLL+0x3e24]
C  [IMM32.DLL+0x53d2]
C  [IMM32.DLL+0x54ef]

Java frames: (J=compiled Java code, j=interpreted, Vv=VM code)
v  ~BufferBlob::Interpreter
v  ~BufferBlob::Interpreter
v  ~BufferBlob::Interpreter
v  ~BufferBlob::StubRoutines (1)

---------------  P R O C E S S  ---------------

Java Threads: ( => current thread )
  0x0341bc00 JavaThread "TimerQueue" daemon [_thread_blocked, id=3796, stack(0x0bb00000,0x0bb50000)]
  0x003f5800 JavaThread "DestroyJavaVM" [_thread_blocked, id=3152, stack(0x008d0000,0x00920000)]
  0x033ca400 JavaThread "AWT-EventQueue-0" [_thread_blocked, id=376, stack(0x03810000,0x03860000)]
  0x031b7400 JavaThread "AWT-Shutdown" [_thread_blocked, id=588, stack(0x037c0000,0x03810000)]
  0x031b5400 JavaThread "derby.rawStoreDaemon" daemon [_thread_blocked, id=4044, stack(0x03290000,0x032e0000)]
  0x030ad800 JavaThread "Timer-0" daemon [_thread_blocked, id=2100, stack(0x02ed0000,0x02f20000)]
  0x030c6400 JavaThread "derby.antiGC" daemon [_thread_blocked, id=1552, stack(0x02fe0000,0x03030000)]
=>0x02b3e800 JavaThread "AWT-Windows" daemon [_thread_in_native, id=3648, stack(0x02f20000,0x02f70000)]
  0x02b22400 JavaThread "Java2D Disposer" daemon [_thread_blocked, id=2804, stack(0x02e80000,0x02ed0000)]
  0x02afa000 JavaThread "Low Memory Detector" daemon [_thread_blocked, id=2360, stack(0x02d70000,0x02dc0000)]
  0x02af4000 JavaThread "CompilerThread0" daemon [_thread_blocked, id=1384, stack(0x02d20000,0x02d70000)]
  0x02af3000 JavaThread "Attach Listener" daemon [_thread_blocked, id=2496, stack(0x02cd0000,0x02d20000)]
  0x02afd800 JavaThread "Signal Dispatcher" daemon [_thread_blocked, id=3220, stack(0x02c80000,0x02cd0000)]
  0x02ab1c00 JavaThread "Finalizer" daemon [_thread_blocked, id=3240, stack(0x02c30000,0x02c80000)]
  0x02aad400 JavaThread "Reference Handler" daemon [_thread_blocked, id=3096, stack(0x02be0000,0x02c30000)]

Other Threads:
  0x02aac000 VMThread [stack: 0x02b90000,0x02be0000] [id=3564]
  0x02b06400 WatcherThread [stack: 0x02dc0000,0x02e10000] [id=2400]

VM state:not at safepoint (normal execution)

VM Mutex/Monitor currently owned by a thread: None

Heap
 def new generation   total 960K, used 231K [0x229d0000, 0x22ad0000, 0x22eb0000)
  eden space 896K,  18% used [0x229d0000, 0x229f9c20, 0x22ab0000)
  from space 64K, 100% used [0x22ab0000, 0x22ac0000, 0x22ac0000)
  to   space 64K,   0% used [0x22ac0000, 0x22ac0000, 0x22ad0000)
 tenured generation   total 4096K, used 2080K [0x22eb0000, 0x232b0000, 0x269d0000)
   the space 4096K,  50% used [0x22eb0000, 0x230b8250, 0x230b8400, 0x232b0000)
 compacting perm gen  total 12288K, used 5166K [0x269d0000, 0x275d0000, 0x2a9d0000)
   the space 12288K,  42% used [0x269d0000, 0x26edb968, 0x26edba00, 0x275d0000)
    ro space 8192K,  66% used [0x2a9d0000, 0x2af20e10, 0x2af21000, 0x2b1d0000)
    rw space 12288K,  52% used [0x2b1d0000, 0x2b8204c8, 0x2b820600, 0x2bdd0000)

Dynamic libraries:
0x00400000 - 0x00423000 	C:\Program Files\Java\jdk1.6.0_06\bin\javaw.exe
0x7c920000 - 0x7c9b6000 	C:\WINDOWS\system32\ntdll.dll
0x7c800000 - 0x7c91e000 	C:\WINDOWS\system32\kernel32.dll
0x77da0000 - 0x77e49000 	C:\WINDOWS\system32\ADVAPI32.dll
0x77e50000 - 0x77ee2000 	C:\WINDOWS\system32\RPCRT4.dll
0x77fc0000 - 0x77fd1000 	C:\WINDOWS\system32\Secur32.dll
0x77d10000 - 0x77da0000 	C:\WINDOWS\system32\USER32.dll
0x77ef0000 - 0x77f39000 	C:\WINDOWS\system32\GDI32.dll
0x76300000 - 0x7631d000 	C:\WINDOWS\system32\IMM32.DLL
0x62c20000 - 0x62c29000 	C:\WINDOWS\system32\LPK.DLL
0x73fa0000 - 0x7400b000 	C:\WINDOWS\system32\USP10.dll
0x7c340000 - 0x7c396000 	C:\Program Files\Java\jdk1.6.0_06\jre\bin\msvcr71.dll
0x6d870000 - 0x6dac0000 	C:\Program Files\Java\jdk1.6.0_06\jre\bin\client\jvm.dll
0x76b10000 - 0x76b3a000 	C:\WINDOWS\system32\WINMM.dll
0x6d320000 - 0x6d328000 	C:\Program Files\Java\jdk1.6.0_06\jre\bin\hpi.dll
0x76bc0000 - 0x76bcb000 	C:\WINDOWS\system32\PSAPI.DLL
0x6d820000 - 0x6d82c000 	C:\Program Files\Java\jdk1.6.0_06\jre\bin\verify.dll
0x6d3c0000 - 0x6d3df000 	C:\Program Files\Java\jdk1.6.0_06\jre\bin\java.dll
0x6d860000 - 0x6d86f000 	C:\Program Files\Java\jdk1.6.0_06\jre\bin\zip.dll
0x6d0b0000 - 0x6d1de000 	C:\Program Files\Java\jdk1.6.0_06\jre\bin\awt.dll
0x72f70000 - 0x72f96000 	C:\WINDOWS\system32\WINSPOOL.DRV
0x77be0000 - 0x77c38000 	C:\WINDOWS\system32\msvcrt.dll
0x76990000 - 0x76acd000 	C:\WINDOWS\system32\ole32.dll
0x5adc0000 - 0x5adf7000 	C:\WINDOWS\system32\uxtheme.dll
0x736d0000 - 0x7371b000 	C:\WINDOWS\system32\ddraw.dll
0x73b30000 - 0x73b36000 	C:\WINDOWS\system32\DCIMAN32.dll
0x6d2c0000 - 0x6d313000 	C:\Program Files\Java\jdk1.6.0_06\jre\bin\fontmanager.dll
0x74680000 - 0x746cc000 	C:\WINDOWS\system32\MSCTF.dll
0x73640000 - 0x7366e000 	C:\WINDOWS\system32\msctfime.ime
0x7d590000 - 0x7dd84000 	C:\WINDOWS\system32\shell32.dll
0x77f40000 - 0x77fb6000 	C:\WINDOWS\system32\SHLWAPI.dll
0x77180000 - 0x77283000 	C:\WINDOWS\WinSxS\x86_Microsoft.Windows.Common-Controls_6595b64144ccf1df_6.0.2600.5512_x-ww_35d4ce83\comctl32.dll
0x5d170000 - 0x5d20a000 	C:\WINDOWS\system32\comctl32.dll
0x6d570000 - 0x6d579000 	C:\Program Files\Java\jdk1.6.0_06\jre\bin\management.dll
0x6d620000 - 0x6d633000 	C:\Program Files\Java\jdk1.6.0_06\jre\bin\net.dll
0x71a20000 - 0x71a37000 	C:\WINDOWS\system32\WS2_32.dll
0x71a10000 - 0x71a18000 	C:\WINDOWS\system32\WS2HELP.dll
0x6d640000 - 0x6d649000 	C:\Program Files\Java\jdk1.6.0_06\jre\bin\nio.dll
0x6d460000 - 0x6d484000 	C:\Program Files\Java\jdk1.6.0_06\jre\bin\jpeg.dll
0x10000000 - 0x1020e000 	C:\WINDOWS\system32\SOGOUPY.IME
0x762f0000 - 0x762f5000 	C:\WINDOWS\system32\MSIMG32.dll
0x77bd0000 - 0x77bd8000 	C:\WINDOWS\system32\VERSION.dll
0x76d70000 - 0x76d92000 	C:\WINDOWS\system32\apphelp.dll
0x4a3e0000 - 0x4a405000 	C:\WINDOWS\system32\winabc.ime

VM Arguments:
jvm_args: -Dfile.encoding=GBK 
java_command: ui.Main
Launcher Type: SUN_STANDARD

Environment Variables:
JAVA_HOME=C:\Program Files\Java\jdk1.6.0_06
CLASSPATH=.;C:\Program Files\Java\jdk1.6.0_06\lib\dt.jar;C:\Program Files\Java\jdk1.6.0_06\lib\tools.jar
PATH=D:/Program Files/Genuitec/Common/binary/com.sun.java.jdk.win32.x86_1.6.0.013/jre/bin/client;D:/Program Files/Genuitec/Common/binary/com.sun.java.jdk.win32.x86_1.6.0.013/jre/bin;E:\oracle\product\10.2.0\db_1\bin;C:\Program Files\Java\jdk1.6.0_06\bin;C:\WINDOWS\system32;C:\WINDOWS;C:\WINDOWS\System32\Wbem;C:\Program Files\Common Files\Thunder Network\KanKan\Codecs
USERNAME=Administrator
OS=Windows_NT
PROCESSOR_IDENTIFIER=x86 Family 6 Model 14 Stepping 8, GenuineIntel



---------------  S Y S T E M  ---------------

OS: Windows XP Build 2600 Service Pack 3

CPU:total 2 (2 cores per cpu, 1 threads per core) family 6 model 14 stepping 8, cmov, cx8, fxsr, mmx, sse, sse2, sse3

Memory: 4k page, physical 2097151k(1289632k free), swap 4036624k(2431444k free)

vm_info: Java HotSpot(TM) Client VM (10.0-b22) for windows-x86 JRE (1.6.0_06-b02), built on Mar 25 2008 01:22:05 by "java_re" with MS VC++ 7.1

time: Fri Dec 03 22:20:57 2010
elapsed time: 10 seconds

